ncsim 15.20-s039
Linux 3.10.0-1062.el7.x86_64 #1 SMP Wed Aug 7 18:08:02 UTC 2019 x86_64
CPU cores: 32
Limit information:
======================================
cputime			unlimited
filesize		unlimited
datasize		unlimited
stacksize		8192 kbytes
coredumpsize	0 kbytes
memoryuse		unlimited
vmemoryuse		unlimited
descriptors		4096
memorylocked	64 kbytes
maxproc			4096
======================================
(Special)Runtime environment variables:

Runtime environment variables:
USER=PDSD109a43
LOGNAME=PDSD109a43
HOME=/home/PDSD109/PDSD109a43
PATH=/usr/cad/synopsys/tmax/cur/bin:/usr/cad/synopsys/verdi/cur/bin:/usr/cad/synopsys/verdi/cur/nLint/bin:/usr/bin/X11:/usr/cad/synopsys/coreConsultant/cur/bin:/usr/cad/synopsys/synthesis/cur/amd64/syn/bin:/usr/cad/synopsys/lc/cur/bin:/usr/cad/cadence/INCISIV/cur/tools/bin:/usr/cad/cadence/INCISIV/cur/tools/vtools/vfault/bin:/usr/cad/cadence/INCISIV/cur/tools/dfII/bin:/mnt2/lib:/usr/bin:/usr/bin/X11/:/bin:/sbin:/usr/sbin:/etc:/usr/mentor/modelsim/cur/linux_x86_64:/usr/cad/sde/bin
MAIL=/var/spool/mail/PDSD109a43
SHELL=/bin/tcsh
SSH_CLIENT=140.117.190.171 50518 22
SSH_CONNECTION=140.117.190.171 50518 140.117.166.167 22
SSH_TTY=/dev/pts/1
TERM=vt100
DISPLAY=h190171.dorml.nsysu.edu.tw:0
SELINUX_ROLE_REQUESTED=
SELINUX_LEVEL_REQUESTED=
SELINUX_USE_CURRENT_RANGE=
XDG_SESSION_ID=8628
XDG_RUNTIME_DIR=/run/user/1029
HOSTTYPE=x86_64-linux
VENDOR=unknown
OSTYPE=linux
MACHTYPE=x86_64
SHLVL=1
PWD=/home/PDSD109/PDSD109a43/studies
GROUP=PDSD109
HOST=soc07
REMOTEHOST=h190171.dorml.nsysu.edu.tw
HOSTNAME=soc07
LS_COLORS=no=00:fi=00:di=01;34:ln=01;35:pi=40;33:so=01;35:bd=40;33;01:cd=40;33;01:or=40;31;01:ex=01;32:*.tar=01;31:*.tgz=01;31:*.arj=01;31:*.taz=01;31:*.lzh=01;31:*.zip=01;31:*.z=01;31:*.Z=01;31:*.gz=01;31:*.bz2=01;31:*.deb=01;31:*.rpm=01;31:*.jar=01;31:*.jpg=01;35:*.jpeg=01;35:*.gif=01;35:*.bmp=01;35:*.pbm=01;35:*.pgm=01;35:*.ppm=01;35:*.tga=01;35:*.xbm=01;35:*.xpm=01;35:*.tif=01;35:*.tiff=01;35:*.png=01;35:*.mpg=01;35:*.mpeg=01;35:*.avi=01;35:*.fli=01;35:*.gl=01;35:*.dl=01;35:*.xcf=01;35:*.xwd=01;35:*.ogg=01;35:*.mp3=01;35:*.wav=01;35:*.c=93:*.cpp=93:*.v=95:*.vcd=96:*.sh=33:*.pl=33:*.tcl=33
LANG=en_US.UTF-8
LESSOPEN=||/usr/bin/lesspipe.sh %s
EDITOR=gedit
LD_LIBRARY_PATH=/usr/cad/synopsys/verdi/cur/share/PLI/IUS/LINUX/:/usr/cad/cadence/INCISIV/cur/tools/lib:/usr/cad/cadence/INCISIV/cur/tools/vtools/vfault/lib::/mnt3/lib:/usr/lib/X11:/usr/lib:/lib32:/lib64:/usr/synopsys/cosmos_scope/cur/CosmosScope/bin:/usr/java/jre/lib/amd64:/usr/java/jre/lib/amd64/xawt/:/usr/java/jre/lib/amd64/server/:/usr/cad/spring_soft/verdi/2012.04/share/PLI/IUS/LINUX64/:/usr/cad/spring_soft/verdi/2012.04/share/PLI/IUS/LINUX/:/lib
LM_LICENSE_FILE=26585@lsncku:5280@lsncku:5280@lsnchu:5280@lscic:
SYNTHESIS=/usr/cad/synopsys/synthesis/cur
SYN_MAN_DIR=/usr/cad/synopsys/synthesis/cur/doc/syn/man
MANPATH=/usr/cad/synopsys/synthesis/cur/doc/syn/man
SHLIB_PATH=/usr/cad/synopsys/verdi/cur/share/PLI/IUS/LINUX
SYNOPSYS_TMAX=/usr/cad/synopsys/tmax/cur
SIGASI_LM_LICENSE_FILE=27001@140.117.157.130
_IRUNROOT_=/usr/cad/cadence/INCISIV/cur/tools
CDS_ARCH=lnx86
NCRUNMODE=ncverilog:./INCA_libs/irun.lnx86.15.20.nc
IRUNBATCH=FALSE
IMPERAS_PORT_FILE=.vsp_ovp_gdb_port
TCL_LIBRARY=/usr/cad/cadence/INCISIV/cur/tools/inca/files/tcl/library
Runtime command line arguments:
argv[0]=ncverilog
argv[1]=testfixture.v
argv[2]=+define+MD4
argv[3]=+access+r
68 profile - 100
          CPU/Mem usage: 0.070 sys,  0.090 user,  77.21M sys,  0.00M vm
69 VC callback profile - scalar:0 vector:0
70 Wed Jul 15 11:34:43 2020
71 pliAppInit
72 FSDB_GATE is disabled.
73 Enable Parallel Dumping.
74 pliAppMiscSet: New Sim Round
75 pliEntryInit
76 LIBSSCORE=found /usr/cad/synopsys/verdi/cur/share/PLI/IUS/LINUX/libsscore_ius152.so through $LD_LIBRARY_PATH setting.
77 Sim process exit
